presentation_databinding/build/intermediates/manifest_merge_blame_file/debug/manifest-merger-blame-debug-report.txt
1<?xml version="1.0" encoding="utf-8"?>
2<manifest xmlns:android="http://schemas.android.com/apk/res/android"
3    package="com.example.presentation_databinding"
4    android:versionCode="1"
5    android:versionName="1.0" >
6
7    <uses-sdk
8        android:minSdkVersion="21"
8-->src/main/AndroidManifest.xml
9        android:targetSdkVersion="32" />
9-->src/main/AndroidManifest.xml
10
11    <uses-permission android:name="android.permission.INTERNET" />
11-->src/main/AndroidManifest.xml:5:5-66
11-->src/main/AndroidManifest.xml:5:22-64
12
13    <application
13-->src/main/AndroidManifest.xml:6:5-24:19
14        android:name="com.example.presentation_databinding.TreeApplication"
14-->src/main/AndroidManifest.xml:7:9-40
15        android:allowBackup="true"
15-->src/main/AndroidManifest.xml:8:9-35
16        android:appComponentFactory="androidx.core.app.CoreComponentFactory"
16-->[androidx.core:core:1.7.0] AndroidManifest.xml:24:18-86
17        android:debuggable="true"
18        android:icon="@mipmap/ic_launcher"
18-->src/main/AndroidManifest.xml:9:9-43
19        android:label="@string/app_name"
19-->src/main/AndroidManifest.xml:10:9-41
20        android:roundIcon="@mipmap/ic_launcher_round"
20-->src/main/AndroidManifest.xml:11:9-54
21        android:supportsRtl="true"
21-->src/main/AndroidManifest.xml:12:9-35
22        android:testOnly="true"
23        android:theme="@style/Theme.Arbre_Classification" >
23-->src/main/AndroidManifest.xml:13:9-58
24        <activity
24-->src/main/AndroidManifest.xml:15:9-22:20
25            android:name="com.example.presentation_databinding.MainActivity"
25-->src/main/AndroidManifest.xml:15:19-47
26            android:exported="true" >
26-->src/main/AndroidManifest.xml:16:13-36
27            <intent-filter>
27-->src/main/AndroidManifest.xml:17:13-21:29
28                <action android:name="android.intent.action.MAIN" />
28-->src/main/AndroidManifest.xml:18:17-69
28-->src/main/AndroidManifest.xml:18:25-66
29
30                <category android:name="android.intent.category.LAUNCHER" />
30-->src/main/AndroidManifest.xml:20:17-77
30-->src/main/AndroidManifest.xml:20:27-74
31            </intent-filter>
32        </activity>
33        <activity
33-->[:domain] AndroidManifest.xml:16:9-26:20
34            android:name="com.example.domain.MainActivity"
34-->[:domain] AndroidManifest.xml:17:13-59
35            android:exported="true"
35-->[:domain] AndroidManifest.xml:18:13-36
36            android:label="@string/app_name"
36-->[:domain] AndroidManifest.xml:19:13-45
37            android:theme="@style/Theme.Arbre_Classification" >
37-->[:domain] AndroidManifest.xml:20:13-62
38            <intent-filter>
38-->src/main/AndroidManifest.xml:17:13-21:29
39                <action android:name="android.intent.action.MAIN" />
39-->src/main/AndroidManifest.xml:18:17-69
39-->src/main/AndroidManifest.xml:18:25-66
40
41                <category android:name="android.intent.category.LAUNCHER" />
41-->src/main/AndroidManifest.xml:20:17-77
41-->src/main/AndroidManifest.xml:20:27-74
42            </intent-filter>
43        </activity>
44
45        <provider
45-->[androidx.emoji2:emoji2:1.0.0] AndroidManifest.xml:26:9-34:20
46            android:name="androidx.startup.InitializationProvider"
46-->[androidx.emoji2:emoji2:1.0.0] AndroidManifest.xml:27:13-67
47            android:authorities="com.example.presentation_databinding.androidx-startup"
47-->[androidx.emoji2:emoji2:1.0.0] AndroidManifest.xml:28:13-68
48            android:exported="false" >
48-->[androidx.emoji2:emoji2:1.0.0] AndroidManifest.xml:29:13-37
49            <meta-data
49-->[androidx.emoji2:emoji2:1.0.0] AndroidManifest.xml:31:13-33:52
50                android:name="androidx.emoji2.text.EmojiCompatInitializer"
50-->[androidx.emoji2:emoji2:1.0.0] AndroidManifest.xml:32:17-75
51                android:value="androidx.startup" />
51-->[androidx.emoji2:emoji2:1.0.0] AndroidManifest.xml:33:17-49
52            <meta-data
52-->[androidx.lifecycle:lifecycle-process:2.4.0] AndroidManifest.xml:31:13-33:52
53                android:name="androidx.lifecycle.ProcessLifecycleInitializer"
53-->[androidx.lifecycle:lifecycle-process:2.4.0] AndroidManifest.xml:32:17-78
54                android:value="androidx.startup" />
54-->[androidx.lifecycle:lifecycle-process:2.4.0] AndroidManifest.xml:33:17-49
55            <meta-data
55-->[androidx.profileinstaller:profileinstaller:1.0.1] AndroidManifest.xml:31:13-33:52
56                android:name="androidx.profileinstaller.ProfileInstallerInitializer"
56-->[androidx.profileinstaller:profileinstaller:1.0.1] AndroidManifest.xml:32:17-85
57                android:value="androidx.startup" />
57-->[androidx.profileinstaller:profileinstaller:1.0.1] AndroidManifest.xml:33:17-49
58        </provider>
59
60        <receiver
60-->[androidx.profileinstaller:profileinstaller:1.0.1] AndroidManifest.xml:36:9-45:20
61            android:name="androidx.profileinstaller.ProfileInstallReceiver"
61-->[androidx.profileinstaller:profileinstaller:1.0.1] AndroidManifest.xml:37:13-76
62            android:directBootAware="false"
62-->[androidx.profileinstaller:profileinstaller:1.0.1] AndroidManifest.xml:38:13-44
63            android:enabled="true"
63-->[androidx.profileinstaller:profileinstaller:1.0.1] AndroidManifest.xml:39:13-35
64            android:exported="true"
64-->[androidx.profileinstaller:profileinstaller:1.0.1] AndroidManifest.xml:40:13-36
65            android:permission="android.permission.DUMP" >
65-->[androidx.profileinstaller:profileinstaller:1.0.1] AndroidManifest.xml:41:13-57
66            <intent-filter>
66-->[androidx.profileinstaller:profileinstaller:1.0.1] AndroidManifest.xml:42:13-44:29
67                <action android:name="androidx.profileinstaller.action.INSTALL_PROFILE" />
67-->[androidx.profileinstaller:profileinstaller:1.0.1] AndroidManifest.xml:43:17-91
67-->[androidx.profileinstaller:profileinstaller:1.0.1] AndroidManifest.xml:43:25-88
68            </intent-filter>
69        </receiver>
70    </application>
71
72</manifest>